The target system is: Generic - v1 - 
The host system is: Linux - 4.2.0-42-generic - x86_64
Compiling the C compiler identification source file "CMakeCCompilerId.c" succeeded.
Compiler: /home/deepglint/workspace/tool_chain/1_ov798/opt/arm-none-eabi/bin/arm-none-eabi-gcc 
Build flags: 
Id flags: -c

The output was:
0


Compilation of the C compiler identification source "CMakeCCompilerId.c" produced "CMakeCCompilerId.o"

The C compiler identification is GNU, found in "/home/deepglint/workspace/github_work/ncnn/release_ov798/CMakeFiles/3.2.2/CompilerIdC/CMakeCCompilerId.o"

Compiling the CXX compiler identification source file "CMakeCXXCompilerId.cpp" succeeded.
Compiler: /home/deepglint/workspace/tool_chain/1_ov798/opt/arm-none-eabi/bin/arm-none-eabi-g++ 
Build flags: 
Id flags: -c

The output was:
0


Compilation of the CXX compiler identification source "CMakeCXXCompilerId.cpp" produced "CMakeCXXCompilerId.o"

The CXX compiler identification is GNU, found in "/home/deepglint/workspace/github_work/ncnn/release_ov798/CMakeFiles/3.2.2/CompilerIdCXX/CMakeCXXCompilerId.o"

Compiling the C compiler identification source file "CMakeCCompilerId.c" succeeded.
Compiler: /home/deepglint/workspace/tool_chain/1_ov798/opt/arm-none-eabi/bin/arm-none-eabi-gcc 
Build flags: 
Id flags: -c

The output was:
0


Compilation of the C compiler identification source "CMakeCCompilerId.c" produced "CMakeCCompilerId.o"

The C compiler identification is GNU, found in "/home/deepglint/workspace/github_work/ncnn/release_ov798/CMakeFiles/3.2.2/CompilerIdC/CMakeCCompilerId.o"

Compiling the CXX compiler identification source file "CMakeCXXCompilerId.cpp" succeeded.
Compiler: /home/deepglint/workspace/tool_chain/1_ov798/opt/arm-none-eabi/bin/arm-none-eabi-g++ 
Build flags: 
Id flags: -c

The output was:
0


Compilation of the CXX compiler identification source "CMakeCXXCompilerId.cpp" produced "CMakeCXXCompilerId.o"

The CXX compiler identification is GNU, found in "/home/deepglint/workspace/github_work/ncnn/release_ov798/CMakeFiles/3.2.2/CompilerIdCXX/CMakeCXXCompilerId.o"

Compiling the C compiler identification source file "CMakeCCompilerId.c" succeeded.
Compiler: /home/deepglint/workspace/tool_chain/1_ov798/opt/arm-none-eabi/bin/arm-none-eabi-gcc 
Build flags: 
Id flags: -c

The output was:
0


Compilation of the C compiler identification source "CMakeCCompilerId.c" produced "CMakeCCompilerId.o"

The C compiler identification is GNU, found in "/home/deepglint/workspace/github_work/ncnn/release_ov798/CMakeFiles/3.2.2/CompilerIdC/CMakeCCompilerId.o"

Compiling the CXX compiler identification source file "CMakeCXXCompilerId.cpp" succeeded.
Compiler: /home/deepglint/workspace/tool_chain/1_ov798/opt/arm-none-eabi/bin/arm-none-eabi-g++ 
Build flags: 
Id flags: -c

The output was:
0


Compilation of the CXX compiler identification source "CMakeCXXCompilerId.cpp" produced "CMakeCXXCompilerId.o"

The CXX compiler identification is GNU, found in "/home/deepglint/workspace/github_work/ncnn/release_ov798/CMakeFiles/3.2.2/CompilerIdCXX/CMakeCXXCompilerId.o"

Compiling the C compiler identification source file "CMakeCCompilerId.c" succeeded.
Compiler: /home/deepglint/workspace/tool_chain/1_ov798/opt/arm-none-eabi/bin/arm-none-eabi-gcc 
Build flags: 
Id flags: -c

The output was:
0


Compilation of the C compiler identification source "CMakeCCompilerId.c" produced "CMakeCCompilerId.o"

The C compiler identification is GNU, found in "/home/deepglint/workspace/github_work/ncnn/release_ov798/CMakeFiles/3.2.2/CompilerIdC/CMakeCCompilerId.o"

Compiling the CXX compiler identification source file "CMakeCXXCompilerId.cpp" succeeded.
Compiler: /home/deepglint/workspace/tool_chain/1_ov798/opt/arm-none-eabi/bin/arm-none-eabi-g++ 
Build flags: 
Id flags: -c

The output was:
0


Compilation of the CXX compiler identification source "CMakeCXXCompilerId.cpp" produced "CMakeCXXCompilerId.o"

The CXX compiler identification is GNU, found in "/home/deepglint/workspace/github_work/ncnn/release_ov798/CMakeFiles/3.2.2/CompilerIdCXX/CMakeCXXCompilerId.o"

Compiling the C compiler identification source file "CMakeCCompilerId.c" succeeded.
Compiler: /home/deepglint/workspace/tool_chain/1_ov798/opt/arm-none-eabi/bin/arm-none-eabi-gcc 
Build flags: 
Id flags: -c

The output was:
0


Compilation of the C compiler identification source "CMakeCCompilerId.c" produced "CMakeCCompilerId.o"

The C compiler identification is GNU, found in "/home/deepglint/workspace/github_work/ncnn/release_ov798/CMakeFiles/3.2.2/CompilerIdC/CMakeCCompilerId.o"

Compiling the CXX compiler identification source file "CMakeCXXCompilerId.cpp" succeeded.
Compiler: /home/deepglint/workspace/tool_chain/1_ov798/opt/arm-none-eabi/bin/arm-none-eabi-g++ 
Build flags: 
Id flags: -c

The output was:
0


Compilation of the CXX compiler identification source "CMakeCXXCompilerId.cpp" produced "CMakeCXXCompilerId.o"

The CXX compiler identification is GNU, found in "/home/deepglint/workspace/github_work/ncnn/release_ov798/CMakeFiles/3.2.2/CompilerIdCXX/CMakeCXXCompilerId.o"

